Analysis & Synthesis report for coffee_machine
Sat Jun 26 17:47:04 2021
Quartus Prime Version 17.1.0 Build 590 10/25/2017 SJ Lite Edition


---------------------
; Table of Contents ;
---------------------
  1. Legal Notice
  2. Analysis & Synthesis Summary
  3. Analysis & Synthesis Settings
  4. Parallel Compilation
  5. Analysis & Synthesis Source Files Read
  6. Analysis & Synthesis Resource Usage Summary
  7. Analysis & Synthesis Resource Utilization by Entity
  8. State Machine - |DrinksControlUnitDemo|sugarLevelFSM:sugarFSM|state
  9. State Machine - |DrinksControlUnitDemo|drinksMenuFSM:drinksFSM|state
 10. User-Specified and Inferred Latches
 11. Registers Removed During Synthesis
 12. General Register Statistics
 13. Multiplexer Restructuring Statistics (Restructuring Performed)
 14. Parameter Settings for User Entity Instance: DebounceUnit:debouncer0
 15. Parameter Settings for User Entity Instance: DebounceUnit:debouncer1
 16. Parameter Settings for User Entity Instance: DebounceUnit:debouncer2
 17. Parameter Settings for User Entity Instance: DebounceUnit:debouncer3
 18. Parameter Settings for User Entity Instance: ClkDividerN:bin7enable
 19. Parameter Settings for User Entity Instance: TimerUnit:timer
 20. Parameter Settings for User Entity Instance: TimerUnit:timerdrink
 21. Parameter Settings for User Entity Instance: TimerUnit:resettimer
 22. Port Connectivity Checks: "TimerUnit:timer"
 23. Post-Synthesis Netlist Statistics for Top Partition
 24. Elapsed Time Per Partition
 25. Analysis & Synthesis Messages



----------------
; Legal Notice ;
----------------
Copyright (C) 2017  Intel Corporation. All rights reserved.
Your use of Intel Corporation's design tools, logic functions 
and other software and tools, and its AMPP partner logic 
functions, and any output files from any of the foregoing 
(including device programming or simulation files), and any 
associated documentation or information are expressly subject 
to the terms and conditions of the Intel Program License 
Subscription Agreement, the Intel Quartus Prime License Agreement,
the Intel FPGA IP License Agreement, or other applicable license
agreement, including, without limitation, that your use is for
the sole purpose of programming logic devices manufactured by
Intel and sold by Intel or its authorized distributors.  Please
refer to the applicable agreement for further details.



+----------------------------------------------------------------------------------+
; Analysis & Synthesis Summary                                                     ;
+------------------------------------+---------------------------------------------+
; Analysis & Synthesis Status        ; Successful - Sat Jun 26 17:47:04 2021       ;
; Quartus Prime Version              ; 17.1.0 Build 590 10/25/2017 SJ Lite Edition ;
; Revision Name                      ; coffee_machine                              ;
; Top-level Entity Name              ; DrinksControlUnitDemo                       ;
; Family                             ; Cyclone IV E                                ;
; Total logic elements               ; 588                                         ;
;     Total combinational functions  ; 581                                         ;
;     Dedicated logic registers      ; 253                                         ;
; Total registers                    ; 253                                         ;
; Total pins                         ; 105                                         ;
; Total virtual pins                 ; 0                                           ;
; Total memory bits                  ; 0                                           ;
; Embedded Multiplier 9-bit elements ; 0                                           ;
; Total PLLs                         ; 0                                           ;
+------------------------------------+---------------------------------------------+


+-------------------------------------------------------------------------------------------------------------------------+
; Analysis & Synthesis Settings                                                                                           ;
+----------------------------------------------------------------------------+-----------------------+--------------------+
; Option                                                                     ; Setting               ; Default Value      ;
+----------------------------------------------------------------------------+-----------------------+--------------------+
; Device                                                                     ; EP4CE115F29C7         ;                    ;
; Top-level entity name                                                      ; DrinksControlUnitDemo ; coffee_machine     ;
; Family name                                                                ; Cyclone IV E          ; Cyclone V          ;
; Use smart compilation                                                      ; Off                   ; Off                ;
; Enable parallel Assembler and TimeQuest Timing Analyzer during compilation ; On                    ; On                 ;
; Enable compact report table                                                ; Off                   ; Off                ;
; Restructure Multiplexers                                                   ; Auto                  ; Auto               ;
; Create Debugging Nodes for IP Cores                                        ; Off                   ; Off                ;
; Preserve fewer node names                                                  ; On                    ; On                 ;
; Intel FPGA IP Evaluation Mode                                              ; Enable                ; Enable             ;
; Verilog Version                                                            ; Verilog_2001          ; Verilog_2001       ;
; VHDL Version                                                               ; VHDL_1993             ; VHDL_1993          ;
; State Machine Processing                                                   ; Auto                  ; Auto               ;
; Safe State Machine                                                         ; Off                   ; Off                ;
; Extract Verilog State Machines                                             ; On                    ; On                 ;
; Extract VHDL State Machines                                                ; On                    ; On                 ;
; Ignore Verilog initial constructs                                          ; Off                   ; Off                ;
; Iteration limit for constant Verilog loops                                 ; 5000                  ; 5000               ;
; Iteration limit for non-constant Verilog loops                             ; 250                   ; 250                ;
; Add Pass-Through Logic to Inferred RAMs                                    ; On                    ; On                 ;
; Infer RAMs from Raw Logic                                                  ; On                    ; On                 ;
; Parallel Synthesis                                                         ; On                    ; On                 ;
; DSP Block Balancing                                                        ; Auto                  ; Auto               ;
; NOT Gate Push-Back                                                         ; On                    ; On                 ;
; Power-Up Don't Care                                                        ; On                    ; On                 ;
; Remove Redundant Logic Cells                                               ; Off                   ; Off                ;
; Remove Duplicate Registers                                                 ; On                    ; On                 ;
; Ignore CARRY Buffers                                                       ; Off                   ; Off                ;
; Ignore CASCADE Buffers                                                     ; Off                   ; Off                ;
; Ignore GLOBAL Buffers                                                      ; Off                   ; Off                ;
; Ignore ROW GLOBAL Buffers                                                  ; Off                   ; Off                ;
; Ignore LCELL Buffers                                                       ; Off                   ; Off                ;
; Ignore SOFT Buffers                                                        ; On                    ; On                 ;
; Limit AHDL Integers to 32 Bits                                             ; Off                   ; Off                ;
; Optimization Technique                                                     ; Balanced              ; Balanced           ;
; Carry Chain Length                                                         ; 70                    ; 70                 ;
; Auto Carry Chains                                                          ; On                    ; On                 ;
; Auto Open-Drain Pins                                                       ; On                    ; On                 ;
; Perform WYSIWYG Primitive Resynthesis                                      ; Off                   ; Off                ;
; Auto ROM Replacement                                                       ; On                    ; On                 ;
; Auto RAM Replacement                                                       ; On                    ; On                 ;
; Auto DSP Block Replacement                                                 ; On                    ; On                 ;
; Auto Shift Register Replacement                                            ; Auto                  ; Auto               ;
; Allow Shift Register Merging across Hierarchies                            ; Auto                  ; Auto               ;
; Auto Clock Enable Replacement                                              ; On                    ; On                 ;
; Strict RAM Replacement                                                     ; Off                   ; Off                ;
; Allow Synchronous Control Signals                                          ; On                    ; On                 ;
; Force Use of Synchronous Clear Signals                                     ; Off                   ; Off                ;
; Auto RAM Block Balancing                                                   ; On                    ; On                 ;
; Auto RAM to Logic Cell Conversion                                          ; Off                   ; Off                ;
; Auto Resource Sharing                                                      ; Off                   ; Off                ;
; Allow Any RAM Size For Recognition                                         ; Off                   ; Off                ;
; Allow Any ROM Size For Recognition                                         ; Off                   ; Off                ;
; Allow Any Shift Register Size For Recognition                              ; Off                   ; Off                ;
; Use LogicLock Constraints during Resource Balancing                        ; On                    ; On                 ;
; Ignore translate_off and synthesis_off directives                          ; Off                   ; Off                ;
; Timing-Driven Synthesis                                                    ; On                    ; On                 ;
; Report Parameter Settings                                                  ; On                    ; On                 ;
; Report Source Assignments                                                  ; On                    ; On                 ;
; Report Connectivity Checks                                                 ; On                    ; On                 ;
; Ignore Maximum Fan-Out Assignments                                         ; Off                   ; Off                ;
; Synchronization Register Chain Length                                      ; 2                     ; 2                  ;
; Power Optimization During Synthesis                                        ; Normal compilation    ; Normal compilation ;
; HDL message level                                                          ; Level2                ; Level2             ;
; Suppress Register Optimization Related Messages                            ; Off                   ; Off                ;
; Number of Removed Registers Reported in Synthesis Report                   ; 5000                  ; 5000               ;
; Number of Swept Nodes Reported in Synthesis Report                         ; 5000                  ; 5000               ;
; Number of Inverted Registers Reported in Synthesis Report                  ; 100                   ; 100                ;
; Clock MUX Protection                                                       ; On                    ; On                 ;
; Auto Gated Clock Conversion                                                ; Off                   ; Off                ;
; Block Design Naming                                                        ; Auto                  ; Auto               ;
; SDC constraint protection                                                  ; Off                   ; Off                ;
; Synthesis Effort                                                           ; Auto                  ; Auto               ;
; Shift Register Replacement - Allow Asynchronous Clear Signal               ; On                    ; On                 ;
; Pre-Mapping Resynthesis Optimization                                       ; Off                   ; Off                ;
; Analysis & Synthesis Message Level                                         ; Medium                ; Medium             ;
; Disable Register Merging Across Hierarchies                                ; Auto                  ; Auto               ;
; Resource Aware Inference For Block RAM                                     ; On                    ; On                 ;
+----------------------------------------------------------------------------+-----------------------+--------------------+


+------------------------------------------+
; Parallel Compilation                     ;
+----------------------------+-------------+
; Processors                 ; Number      ;
+----------------------------+-------------+
; Number detected on machine ; 12          ;
; Maximum allowed            ; 6           ;
;                            ;             ;
; Average used               ; 1.00        ;
; Maximum used               ; 6           ;
;                            ;             ;
; Usage by Processor         ; % Time Used ;
;     Processor 1            ; 100.0%      ;
;     Processor 2            ;   0.0%      ;
;     Processors 3-6         ;   0.0%      ;
+----------------------------+-------------+


+-------------------------------------------------------------------------------------------------------------------------------------------------------------------------------------+
; Analysis & Synthesis Source Files Read                                                                                                                                              ;
+----------------------------------+-----------------+-----------------+----------------------------------------------------------------------------------------------------+---------+
; File Name with User-Entered Path ; Used in Netlist ; File Type       ; File Name with Absolute Path                                                                       ; Library ;
+----------------------------------+-----------------+-----------------+----------------------------------------------------------------------------------------------------+---------+
; ClkDividerN.vhd                  ; yes             ; User VHDL File  ; C:/Users/jrpfa/Desktop/Universidade/1_Ano/2_Semestre/LSD/projeto/Fase1_2/ClkDividerN.vhd           ;         ;
; DebounceUnit.vhd                 ; yes             ; User VHDL File  ; C:/Users/jrpfa/Desktop/Universidade/1_Ano/2_Semestre/LSD/projeto/Fase1_2/DebounceUnit.vhd          ;         ;
; Bin7Seg.vhd                      ; yes             ; User VHDL File  ; C:/Users/jrpfa/Desktop/Universidade/1_Ano/2_Semestre/LSD/projeto/Fase1_2/Bin7Seg.vhd               ;         ;
; drinksMenuFSM.vhd                ; yes             ; User VHDL File  ; C:/Users/jrpfa/Desktop/Universidade/1_Ano/2_Semestre/LSD/projeto/Fase1_2/drinksMenuFSM.vhd         ;         ;
; sugarLevelFSM.vhd                ; yes             ; User VHDL File  ; C:/Users/jrpfa/Desktop/Universidade/1_Ano/2_Semestre/LSD/projeto/Fase1_2/sugarLevelFSM.vhd         ;         ;
; DrinksControlUnitDemo.vhd        ; yes             ; User VHDL File  ; C:/Users/jrpfa/Desktop/Universidade/1_Ano/2_Semestre/LSD/projeto/Fase1_2/DrinksControlUnitDemo.vhd ;         ;
; TimerUnit.vhd                    ; yes             ; User VHDL File  ; C:/Users/jrpfa/Desktop/Universidade/1_Ano/2_Semestre/LSD/projeto/Fase1_2/TimerUnit.vhd             ;         ;
+----------------------------------+-----------------+-----------------+----------------------------------------------------------------------------------------------------+---------+


+--------------------------------------------------------------+
; Analysis & Synthesis Resource Usage Summary                  ;
+---------------------------------------------+----------------+
; Resource                                    ; Usage          ;
+---------------------------------------------+----------------+
; Estimated Total logic elements              ; 588            ;
;                                             ;                ;
; Total combinational functions               ; 581            ;
; Logic element usage by number of LUT inputs ;                ;
;     -- 4 input functions                    ; 217            ;
;     -- 3 input functions                    ; 49             ;
;     -- <=2 input functions                  ; 315            ;
;                                             ;                ;
; Logic elements by mode                      ;                ;
;     -- normal mode                          ; 381            ;
;     -- arithmetic mode                      ; 200            ;
;                                             ;                ;
; Total registers                             ; 253            ;
;     -- Dedicated logic registers            ; 253            ;
;     -- I/O registers                        ; 0              ;
;                                             ;                ;
; I/O pins                                    ; 105            ;
;                                             ;                ;
; Embedded Multiplier 9-bit elements          ; 0              ;
;                                             ;                ;
; Maximum fan-out node                        ; CLOCK_50~input ;
; Maximum fan-out                             ; 253            ;
; Total fan-out                               ; 2483           ;
; Average fan-out                             ; 2.38           ;
+---------------------------------------------+----------------+


+-------------------------------------------------------------------------------------------------------------------------------------------------------------------------------------------------------------------------------------------------+
; Analysis & Synthesis Resource Utilization by Entity                                                                                                                                                                                             ;
+------------------------------+---------------------+---------------------------+-------------+--------------+---------+-----------+------+--------------+------------------------------------------------+-----------------------+--------------+
; Compilation Hierarchy Node   ; Combinational ALUTs ; Dedicated Logic Registers ; Memory Bits ; DSP Elements ; DSP 9x9 ; DSP 18x18 ; Pins ; Virtual Pins ; Full Hierarchy Name                            ; Entity Name           ; Library Name ;
+------------------------------+---------------------+---------------------------+-------------+--------------+---------+-----------+------+--------------+------------------------------------------------+-----------------------+--------------+
; |DrinksControlUnitDemo       ; 581 (1)             ; 253 (0)                   ; 0           ; 0            ; 0       ; 0         ; 105  ; 0            ; |DrinksControlUnitDemo                         ; DrinksControlUnitDemo ; work         ;
;    |Bin7Seg:hexdisplay0|     ; 1 (1)               ; 0 (0)                     ; 0           ; 0            ; 0       ; 0         ; 0    ; 0            ; |DrinksControlUnitDemo|Bin7Seg:hexdisplay0     ; Bin7Seg               ; work         ;
;    |Bin7Seg:hexdisplay1|     ; 1 (1)               ; 0 (0)                     ; 0           ; 0            ; 0       ; 0         ; 0    ; 0            ; |DrinksControlUnitDemo|Bin7Seg:hexdisplay1     ; Bin7Seg               ; work         ;
;    |Bin7Seg:hexdisplay2|     ; 1 (1)               ; 0 (0)                     ; 0           ; 0            ; 0       ; 0         ; 0    ; 0            ; |DrinksControlUnitDemo|Bin7Seg:hexdisplay2     ; Bin7Seg               ; work         ;
;    |Bin7Seg:hexdisplay4|     ; 12 (12)             ; 0 (0)                     ; 0           ; 0            ; 0       ; 0         ; 0    ; 0            ; |DrinksControlUnitDemo|Bin7Seg:hexdisplay4     ; Bin7Seg               ; work         ;
;    |Bin7Seg:hexdisplay5|     ; 12 (12)             ; 0 (0)                     ; 0           ; 0            ; 0       ; 0         ; 0    ; 0            ; |DrinksControlUnitDemo|Bin7Seg:hexdisplay5     ; Bin7Seg               ; work         ;
;    |Bin7Seg:hexdisplay6|     ; 6 (6)               ; 0 (0)                     ; 0           ; 0            ; 0       ; 0         ; 0    ; 0            ; |DrinksControlUnitDemo|Bin7Seg:hexdisplay6     ; Bin7Seg               ; work         ;
;    |Bin7Seg:hexdisplay7|     ; 6 (6)               ; 0 (0)                     ; 0           ; 0            ; 0       ; 0         ; 0    ; 0            ; |DrinksControlUnitDemo|Bin7Seg:hexdisplay7     ; Bin7Seg               ; work         ;
;    |ClkDividerN:bin7enable|  ; 55 (55)             ; 32 (32)                   ; 0           ; 0            ; 0       ; 0         ; 0    ; 0            ; |DrinksControlUnitDemo|ClkDividerN:bin7enable  ; ClkDividerN           ; work         ;
;    |DebounceUnit:debouncer0| ; 68 (68)             ; 26 (26)                   ; 0           ; 0            ; 0       ; 0         ; 0    ; 0            ; |DrinksControlUnitDemo|DebounceUnit:debouncer0 ; DebounceUnit          ; work         ;
;    |DebounceUnit:debouncer1| ; 68 (68)             ; 26 (26)                   ; 0           ; 0            ; 0       ; 0         ; 0    ; 0            ; |DrinksControlUnitDemo|DebounceUnit:debouncer1 ; DebounceUnit          ; work         ;
;    |DebounceUnit:debouncer2| ; 68 (68)             ; 26 (26)                   ; 0           ; 0            ; 0       ; 0         ; 0    ; 0            ; |DrinksControlUnitDemo|DebounceUnit:debouncer2 ; DebounceUnit          ; work         ;
;    |DebounceUnit:debouncer3| ; 68 (68)             ; 26 (26)                   ; 0           ; 0            ; 0       ; 0         ; 0    ; 0            ; |DrinksControlUnitDemo|DebounceUnit:debouncer3 ; DebounceUnit          ; work         ;
;    |TimerUnit:resettimer|    ; 67 (67)             ; 29 (29)                   ; 0           ; 0            ; 0       ; 0         ; 0    ; 0            ; |DrinksControlUnitDemo|TimerUnit:resettimer    ; TimerUnit             ; work         ;
;    |TimerUnit:timerdrink|    ; 49 (49)             ; 30 (30)                   ; 0           ; 0            ; 0       ; 0         ; 0    ; 0            ; |DrinksControlUnitDemo|TimerUnit:timerdrink    ; TimerUnit             ; work         ;
;    |TimerUnit:timer|         ; 38 (38)             ; 28 (28)                   ; 0           ; 0            ; 0       ; 0         ; 0    ; 0            ; |DrinksControlUnitDemo|TimerUnit:timer         ; TimerUnit             ; work         ;
;    |drinksMenuFSM:drinksFSM| ; 45 (45)             ; 23 (23)                   ; 0           ; 0            ; 0       ; 0         ; 0    ; 0            ; |DrinksControlUnitDemo|drinksMenuFSM:drinksFSM ; drinksMenuFSM         ; work         ;
;    |sugarLevelFSM:sugarFSM|  ; 15 (15)             ; 7 (7)                     ; 0           ; 0            ; 0       ; 0         ; 0    ; 0            ; |DrinksControlUnitDemo|sugarLevelFSM:sugarFSM  ; sugarLevelFSM         ; work         ;
+------------------------------+---------------------+---------------------------+-------------+--------------+---------+-----------+------+--------------+------------------------------------------------+-----------------------+--------------+
Note: For table entries with two numbers listed, the numbers in parentheses indicate the number of resources of the given type used by the specific entity alone. The numbers listed outside of parentheses indicate the total resources of the given type used by the specific entity and all of its sub-entities in the hierarchy.


Encoding Type:  One-Hot
+---------------------------------------------------------------------+
; State Machine - |DrinksControlUnitDemo|sugarLevelFSM:sugarFSM|state ;
+----------+----------+----------+----------+-------------------------+
; Name     ; state.E3 ; state.E2 ; state.E1 ; state.E0                ;
+----------+----------+----------+----------+-------------------------+
; state.E0 ; 0        ; 0        ; 0        ; 0                       ;
; state.E1 ; 0        ; 0        ; 1        ; 1                       ;
; state.E2 ; 0        ; 1        ; 0        ; 1                       ;
; state.E3 ; 1        ; 0        ; 0        ; 1                       ;
+----------+----------+----------+----------+-------------------------+


Encoding Type:  One-Hot
+---------------------------------------------------------------------------------------+
; State Machine - |DrinksControlUnitDemo|drinksMenuFSM:drinksFSM|state                  ;
+---------------+---------------+-----------+--------------+--------------+-------------+
; Name          ; state.HotChoc ; state.Tea ; state.Coffee ; state.Choice ; state.Hello ;
+---------------+---------------+-----------+--------------+--------------+-------------+
; state.Hello   ; 0             ; 0         ; 0            ; 0            ; 0           ;
; state.Choice  ; 0             ; 0         ; 0            ; 1            ; 1           ;
; state.Coffee  ; 0             ; 0         ; 1            ; 0            ; 1           ;
; state.Tea     ; 0             ; 1         ; 0            ; 0            ; 1           ;
; state.HotChoc ; 1             ; 0         ; 0            ; 0            ; 1           ;
+---------------+---------------+-----------+--------------+--------------+-------------+


+-------------------------------------------------------------------------------------------------------------------+
; User-Specified and Inferred Latches                                                                               ;
+----------------------------------------------------+-------------------------------------+------------------------+
; Latch Name                                         ; Latch Enable Signal                 ; Free of Timing Hazards ;
+----------------------------------------------------+-------------------------------------+------------------------+
; sugarLevelFSM:sugarFSM|cando                       ; drinksMenuFSM:drinksFSM|s_preparing ; yes                    ;
; Number of user-specified and inferred latches = 1  ;                                     ;                        ;
+----------------------------------------------------+-------------------------------------+------------------------+
Note: All latches listed above may not be present at the end of synthesis due to various synthesis optimizations.


+-----------------------------------------------------------------------------------------------+
; Registers Removed During Synthesis                                                            ;
+-----------------------------------------------+-----------------------------------------------+
; Register name                                 ; Reason for Removal                            ;
+-----------------------------------------------+-----------------------------------------------+
; sugarLevelFSM:sugarFSM|sugar[0,3,4,7,8,11,12] ; Stuck at VCC due to stuck port data_in        ;
; sugarLevelFSM:sugarFSM|sugar[13,14]           ; Stuck at GND due to stuck port data_in        ;
; sugarLevelFSM:sugarFSM|sugar[15]              ; Stuck at VCC due to stuck port data_in        ;
; drinksMenuFSM:drinksFSM|drink[11,15]          ; Stuck at GND due to stuck port data_in        ;
; sugarLevelFSM:sugarFSM|s_refresh              ; Stuck at GND due to stuck port data_in        ;
; drinksMenuFSM:drinksFSM|s_refresh             ; Stuck at GND due to stuck port data_in        ;
; sugarLevelFSM:sugarFSM|sugar[2]               ; Merged with sugarLevelFSM:sugarFSM|sugar[1]   ;
; sugarLevelFSM:sugarFSM|sugar[6]               ; Merged with sugarLevelFSM:sugarFSM|sugar[5]   ;
; sugarLevelFSM:sugarFSM|sugar[9]               ; Merged with sugarLevelFSM:sugarFSM|sugar[10]  ;
; drinksMenuFSM:drinksFSM|drink[1]              ; Merged with drinksMenuFSM:drinksFSM|drink[14] ;
; drinksMenuFSM:drinksFSM|drink[8]              ; Merged with drinksMenuFSM:drinksFSM|drink[13] ;
; Total Number of Removed Registers = 19        ;                                               ;
+-----------------------------------------------+-----------------------------------------------+


+------------------------------------------------------+
; General Register Statistics                          ;
+----------------------------------------------+-------+
; Statistic                                    ; Value ;
+----------------------------------------------+-------+
; Total registers                              ; 253   ;
; Number of registers using Synchronous Clear  ; 57    ;
; Number of registers using Synchronous Load   ; 0     ;
; Number of registers using Asynchronous Clear ; 0     ;
; Number of registers using Asynchronous Load  ; 0     ;
; Number of registers using Clock Enable       ; 148   ;
; Number of registers using Preset             ; 0     ;
+----------------------------------------------+-------+


+--------------------------------------------------------------------------------------------------------------------------------------------------------------------------------+
; Multiplexer Restructuring Statistics (Restructuring Performed)                                                                                                                 ;
+--------------------+-----------+---------------+----------------------+------------------------+------------+------------------------------------------------------------------+
; Multiplexer Inputs ; Bus Width ; Baseline Area ; Area if Restructured ; Saving if Restructured ; Registered ; Example Multiplexer Output                                       ;
+--------------------+-----------+---------------+----------------------+------------------------+------------+------------------------------------------------------------------+
; 3:1                ; 28 bits   ; 56 LEs        ; 28 LEs               ; 28 LEs                 ; Yes        ; |DrinksControlUnitDemo|TimerUnit:timer|s_count[5]                ;
; 5:1                ; 28 bits   ; 84 LEs        ; 28 LEs               ; 56 LEs                 ; Yes        ; |DrinksControlUnitDemo|TimerUnit:resettimer|s_count[9]           ;
; 5:1                ; 29 bits   ; 87 LEs        ; 29 LEs               ; 58 LEs                 ; Yes        ; |DrinksControlUnitDemo|TimerUnit:timerdrink|s_count[4]           ;
; 5:1                ; 23 bits   ; 69 LEs        ; 46 LEs               ; 23 LEs                 ; Yes        ; |DrinksControlUnitDemo|DebounceUnit:debouncer0|s_debounceCnt[8]  ;
; 5:1                ; 23 bits   ; 69 LEs        ; 46 LEs               ; 23 LEs                 ; Yes        ; |DrinksControlUnitDemo|DebounceUnit:debouncer1|s_debounceCnt[10] ;
; 5:1                ; 23 bits   ; 69 LEs        ; 46 LEs               ; 23 LEs                 ; Yes        ; |DrinksControlUnitDemo|DebounceUnit:debouncer2|s_debounceCnt[7]  ;
; 5:1                ; 23 bits   ; 69 LEs        ; 46 LEs               ; 23 LEs                 ; Yes        ; |DrinksControlUnitDemo|DebounceUnit:debouncer3|s_debounceCnt[1]  ;
; 12:1               ; 3 bits    ; 24 LEs        ; 9 LEs                ; 15 LEs                 ; No         ; |DrinksControlUnitDemo|drinksMenuFSM:drinksFSM|state             ;
; 13:1               ; 2 bits    ; 16 LEs        ; 8 LEs                ; 8 LEs                  ; No         ; |DrinksControlUnitDemo|drinksMenuFSM:drinksFSM|state             ;
+--------------------+-----------+---------------+----------------------+------------------------+------------+------------------------------------------------------------------+


+----------------------------------------------------------------------+
; Parameter Settings for User Entity Instance: DebounceUnit:debouncer0 ;
+----------------+-------+---------------------------------------------+
; Parameter Name ; Value ; Type                                        ;
+----------------+-------+---------------------------------------------+
; khzclkfreq     ; 50000 ; Signed Integer                              ;
; msecmininwidth ; 100   ; Signed Integer                              ;
; inpolarity     ; '0'   ; Enumerated                                  ;
; outpolarity    ; '1'   ; Enumerated                                  ;
+----------------+-------+---------------------------------------------+
Note: In order to hide this table in the UI and the text report file, please set the "Show Parameter Settings in Synthesis Report" option in "Analysis and Synthesis Settings -> More Settings" to "Off".


+----------------------------------------------------------------------+
; Parameter Settings for User Entity Instance: DebounceUnit:debouncer1 ;
+----------------+-------+---------------------------------------------+
; Parameter Name ; Value ; Type                                        ;
+----------------+-------+---------------------------------------------+
; khzclkfreq     ; 50000 ; Signed Integer                              ;
; msecmininwidth ; 100   ; Signed Integer                              ;
; inpolarity     ; '0'   ; Enumerated                                  ;
; outpolarity    ; '1'   ; Enumerated                                  ;
+----------------+-------+---------------------------------------------+
Note: In order to hide this table in the UI and the text report file, please set the "Show Parameter Settings in Synthesis Report" option in "Analysis and Synthesis Settings -> More Settings" to "Off".


+----------------------------------------------------------------------+
; Parameter Settings for User Entity Instance: DebounceUnit:debouncer2 ;
+----------------+-------+---------------------------------------------+
; Parameter Name ; Value ; Type                                        ;
+----------------+-------+---------------------------------------------+
; khzclkfreq     ; 50000 ; Signed Integer                              ;
; msecmininwidth ; 100   ; Signed Integer                              ;
; inpolarity     ; '0'   ; Enumerated                                  ;
; outpolarity    ; '1'   ; Enumerated                                  ;
+----------------+-------+---------------------------------------------+
Note: In order to hide this table in the UI and the text report file, please set the "Show Parameter Settings in Synthesis Report" option in "Analysis and Synthesis Settings -> More Settings" to "Off".


+----------------------------------------------------------------------+
; Parameter Settings for User Entity Instance: DebounceUnit:debouncer3 ;
+----------------+-------+---------------------------------------------+
; Parameter Name ; Value ; Type                                        ;
+----------------+-------+---------------------------------------------+
; khzclkfreq     ; 50000 ; Signed Integer                              ;
; msecmininwidth ; 100   ; Signed Integer                              ;
; inpolarity     ; '0'   ; Enumerated                                  ;
; outpolarity    ; '1'   ; Enumerated                                  ;
+----------------+-------+---------------------------------------------+
Note: In order to hide this table in the UI and the text report file, please set the "Show Parameter Settings in Synthesis Report" option in "Analysis and Synthesis Settings -> More Settings" to "Off".


+---------------------------------------------------------------------+
; Parameter Settings for User Entity Instance: ClkDividerN:bin7enable ;
+----------------+----------+-----------------------------------------+
; Parameter Name ; Value    ; Type                                    ;
+----------------+----------+-----------------------------------------+
; k              ; 10000000 ; Signed Integer                          ;
+----------------+----------+-----------------------------------------+
Note: In order to hide this table in the UI and the text report file, please set the "Show Parameter Settings in Synthesis Report" option in "Analysis and Synthesis Settings -> More Settings" to "Off".


+--------------------------------------------------------------+
; Parameter Settings for User Entity Instance: TimerUnit:timer ;
+----------------+-------+-------------------------------------+
; Parameter Name ; Value ; Type                                ;
+----------------+-------+-------------------------------------+
; khzclkfreq     ; 50000 ; Signed Integer                      ;
; mseclength     ; 5000  ; Signed Integer                      ;
; outpolarity    ; '1'   ; Enumerated                          ;
+----------------+-------+-------------------------------------+
Note: In order to hide this table in the UI and the text report file, please set the "Show Parameter Settings in Synthesis Report" option in "Analysis and Synthesis Settings -> More Settings" to "Off".


+-------------------------------------------------------------------+
; Parameter Settings for User Entity Instance: TimerUnit:timerdrink ;
+----------------+-------+------------------------------------------+
; Parameter Name ; Value ; Type                                     ;
+----------------+-------+------------------------------------------+
; khzclkfreq     ; 50000 ; Signed Integer                           ;
; mseclength     ; 10000 ; Signed Integer                           ;
; outpolarity    ; '1'   ; Enumerated                               ;
+----------------+-------+------------------------------------------+
Note: In order to hide this table in the UI and the text report file, please set the "Show Parameter Settings in Synthesis Report" option in "Analysis and Synthesis Settings -> More Settings" to "Off".


+-------------------------------------------------------------------+
; Parameter Settings for User Entity Instance: TimerUnit:resettimer ;
+----------------+-------+------------------------------------------+
; Parameter Name ; Value ; Type                                     ;
+----------------+-------+------------------------------------------+
; khzclkfreq     ; 50000 ; Signed Integer                           ;
; mseclength     ; 3000  ; Signed Integer                           ;
; outpolarity    ; '1'   ; Enumerated                               ;
+----------------+-------+------------------------------------------+
Note: In order to hide this table in the UI and the text report file, please set the "Show Parameter Settings in Synthesis Report" option in "Analysis and Synthesis Settings -> More Settings" to "Off".


+-------------------------------------------------------------------------------------------------------------------+
; Port Connectivity Checks: "TimerUnit:timer"                                                                       ;
+---------+--------+----------+-------------------------------------------------------------------------------------+
; Port    ; Type   ; Severity ; Details                                                                             ;
+---------+--------+----------+-------------------------------------------------------------------------------------+
; start   ; Input  ; Info     ; Stuck at VCC                                                                        ;
; enable  ; Input  ; Info     ; Stuck at VCC                                                                        ;
; decorre ; Output ; Info     ; Connected to dangling logic. Logic that only feeds a dangling port will be removed. ;
+---------+--------+----------+-------------------------------------------------------------------------------------+


+-----------------------------------------------------+
; Post-Synthesis Netlist Statistics for Top Partition ;
+-----------------------+-----------------------------+
; Type                  ; Count                       ;
+-----------------------+-----------------------------+
; boundary_port         ; 105                         ;
; cycloneiii_ff         ; 253                         ;
;     ENA               ; 119                         ;
;     ENA SCLR          ; 29                          ;
;     SCLR              ; 28                          ;
;     plain             ; 77                          ;
; cycloneiii_lcell_comb ; 584                         ;
;     arith             ; 200                         ;
;         2 data inputs ; 200                         ;
;     normal            ; 384                         ;
;         0 data inputs ; 2                           ;
;         1 data inputs ; 17                          ;
;         2 data inputs ; 99                          ;
;         3 data inputs ; 49                          ;
;         4 data inputs ; 217                         ;
;                       ;                             ;
; Max LUT depth         ; 7.00                        ;
; Average LUT depth     ; 4.29                        ;
+-----------------------+-----------------------------+


+-------------------------------+
; Elapsed Time Per Partition    ;
+----------------+--------------+
; Partition Name ; Elapsed Time ;
+----------------+--------------+
; Top            ; 00:00:01     ;
+----------------+--------------+


+-------------------------------+
; Analysis & Synthesis Messages ;
+-------------------------------+
Info: *******************************************************************
Info: Running Quartus Prime Analysis & Synthesis
    Info: Version 17.1.0 Build 590 10/25/2017 SJ Lite Edition
    Info: Processing started: Sat Jun 26 17:46:52 2021
Info: Command: quartus_map --read_settings_files=on --write_settings_files=off coffee_machine -c coffee_machine
Warning (18236): Number of processors has not been specified which may cause overloading on shared machines.  Set the global assignment NUM_PARALLEL_PROCESSORS in your QSF to an appropriate value for best performance.
Info (20030): Parallel compilation is enabled and will use 6 of the 6 processors detected
Info (12021): Found 2 design units, including 1 entities, in source file clkdividern.vhd
    Info (12022): Found design unit 1: ClkDividerN-RTL File: C:/Users/jrpfa/Desktop/Universidade/1_Ano/2_Semestre/LSD/projeto/Fase1_2/ClkDividerN.vhd Line: 11
    Info (12023): Found entity 1: ClkDividerN File: C:/Users/jrpfa/Desktop/Universidade/1_Ano/2_Semestre/LSD/projeto/Fase1_2/ClkDividerN.vhd Line: 5
Info (12021): Found 2 design units, including 1 entities, in source file debounceunit.vhd
    Info (12022): Found design unit 1: DebounceUnit-Behavioral File: C:/Users/jrpfa/Desktop/Universidade/1_Ano/2_Semestre/LSD/projeto/Fase1_2/DebounceUnit.vhd Line: 15
    Info (12023): Found entity 1: DebounceUnit File: C:/Users/jrpfa/Desktop/Universidade/1_Ano/2_Semestre/LSD/projeto/Fase1_2/DebounceUnit.vhd Line: 5
Info (12021): Found 2 design units, including 1 entities, in source file bin7seg.vhd
    Info (12022): Found design unit 1: Bin7Seg-v1 File: C:/Users/jrpfa/Desktop/Universidade/1_Ano/2_Semestre/LSD/projeto/Fase1_2/Bin7Seg.vhd Line: 10
    Info (12023): Found entity 1: Bin7Seg File: C:/Users/jrpfa/Desktop/Universidade/1_Ano/2_Semestre/LSD/projeto/Fase1_2/Bin7Seg.vhd Line: 4
Info (12021): Found 2 design units, including 1 entities, in source file drinksmenufsm.vhd
    Info (12022): Found design unit 1: drinksMenuFSM-v1 File: C:/Users/jrpfa/Desktop/Universidade/1_Ano/2_Semestre/LSD/projeto/Fase1_2/drinksMenuFSM.vhd Line: 24
    Info (12023): Found entity 1: drinksMenuFSM File: C:/Users/jrpfa/Desktop/Universidade/1_Ano/2_Semestre/LSD/projeto/Fase1_2/drinksMenuFSM.vhd Line: 4
Info (12021): Found 2 design units, including 1 entities, in source file sugarlevelfsm.vhd
    Info (12022): Found design unit 1: sugarLevelFSM-v1 File: C:/Users/jrpfa/Desktop/Universidade/1_Ano/2_Semestre/LSD/projeto/Fase1_2/sugarLevelFSM.vhd Line: 16
    Info (12023): Found entity 1: sugarLevelFSM File: C:/Users/jrpfa/Desktop/Universidade/1_Ano/2_Semestre/LSD/projeto/Fase1_2/sugarLevelFSM.vhd Line: 4
Info (12021): Found 2 design units, including 1 entities, in source file drinkscontrolunitdemo.vhd
    Info (12022): Found design unit 1: DrinksControlUnitDemo-v1 File: C:/Users/jrpfa/Desktop/Universidade/1_Ano/2_Semestre/LSD/projeto/Fase1_2/DrinksControlUnitDemo.vhd Line: 21
    Info (12023): Found entity 1: DrinksControlUnitDemo File: C:/Users/jrpfa/Desktop/Universidade/1_Ano/2_Semestre/LSD/projeto/Fase1_2/DrinksControlUnitDemo.vhd Line: 5
Info (12021): Found 2 design units, including 1 entities, in source file timerunit.vhd
    Info (12022): Found design unit 1: TimerUnit-Behavioral File: C:/Users/jrpfa/Desktop/Universidade/1_Ano/2_Semestre/LSD/projeto/Fase1_2/TimerUnit.vhd Line: 18
    Info (12023): Found entity 1: TimerUnit File: C:/Users/jrpfa/Desktop/Universidade/1_Ano/2_Semestre/LSD/projeto/Fase1_2/TimerUnit.vhd Line: 6
Info (12127): Elaborating entity "DrinksControlUnitDemo" for the top level hierarchy
Warning (10873): Using initial value X (don't care) for net "LEDG[6..0]" at DrinksControlUnitDemo.vhd(9) File: C:/Users/jrpfa/Desktop/Universidade/1_Ano/2_Semestre/LSD/projeto/Fase1_2/DrinksControlUnitDemo.vhd Line: 9
Warning (10873): Using initial value X (don't care) for net "LEDR[17..1]" at DrinksControlUnitDemo.vhd(9) File: C:/Users/jrpfa/Desktop/Universidade/1_Ano/2_Semestre/LSD/projeto/Fase1_2/DrinksControlUnitDemo.vhd Line: 9
Info (12129): Elaborating entity "drinksMenuFSM" using architecture "A:v1" for hierarchy "drinksMenuFSM:drinksFSM" File: C:/Users/jrpfa/Desktop/Universidade/1_Ano/2_Semestre/LSD/projeto/Fase1_2/DrinksControlUnitDemo.vhd Line: 44
Warning (10492): VHDL Process Statement warning at drinksMenuFSM.vhd(111): signal "s_clear" is read inside the Process Statement but isn't in the Process Statement's sensitivity list File: C:/Users/jrpfa/Desktop/Universidade/1_Ano/2_Semestre/LSD/projeto/Fase1_2/drinksMenuFSM.vhd Line: 111
Warning (10492): VHDL Process Statement warning at drinksMenuFSM.vhd(112): signal "s_mode" is read inside the Process Statement but isn't in the Process Statement's sensitivity list File: C:/Users/jrpfa/Desktop/Universidade/1_Ano/2_Semestre/LSD/projeto/Fase1_2/drinksMenuFSM.vhd Line: 112
Warning (10492): VHDL Process Statement warning at drinksMenuFSM.vhd(113): signal "s_preparing" is read inside the Process Statement but isn't in the Process Statement's sensitivity list File: C:/Users/jrpfa/Desktop/Universidade/1_Ano/2_Semestre/LSD/projeto/Fase1_2/drinksMenuFSM.vhd Line: 113
Info (12129): Elaborating entity "Bin7Seg" using architecture "A:v1" for hierarchy "Bin7Seg:hexdisplay7" File: C:/Users/jrpfa/Desktop/Universidade/1_Ano/2_Semestre/LSD/projeto/Fase1_2/DrinksControlUnitDemo.vhd Line: 63
Info (12129): Elaborating entity "sugarLevelFSM" using architecture "A:v1" for hierarchy "sugarLevelFSM:sugarFSM" File: C:/Users/jrpfa/Desktop/Universidade/1_Ano/2_Semestre/LSD/projeto/Fase1_2/DrinksControlUnitDemo.vhd Line: 84
Warning (10492): VHDL Process Statement warning at sugarLevelFSM.vhd(29): signal "mode" is read inside the Process Statement but isn't in the Process Statement's sensitivity list File: C:/Users/jrpfa/Desktop/Universidade/1_Ano/2_Semestre/LSD/projeto/Fase1_2/sugarLevelFSM.vhd Line: 29
Warning (10631): VHDL Process Statement warning at sugarLevelFSM.vhd(24): inferring latch(es) for signal or variable "cando", which holds its previous value in one or more paths through the process File: C:/Users/jrpfa/Desktop/Universidade/1_Ano/2_Semestre/LSD/projeto/Fase1_2/sugarLevelFSM.vhd Line: 24
Info (10041): Inferred latch for "cando" at sugarLevelFSM.vhd(24) File: C:/Users/jrpfa/Desktop/Universidade/1_Ano/2_Semestre/LSD/projeto/Fase1_2/sugarLevelFSM.vhd Line: 24
Info (12129): Elaborating entity "DebounceUnit" using architecture "A:behavioral" for hierarchy "DebounceUnit:debouncer0" File: C:/Users/jrpfa/Desktop/Universidade/1_Ano/2_Semestre/LSD/projeto/Fase1_2/DrinksControlUnitDemo.vhd Line: 116
Info (12129): Elaborating entity "ClkDividerN" using architecture "A:rtl" for hierarchy "ClkDividerN:bin7enable" File: C:/Users/jrpfa/Desktop/Universidade/1_Ano/2_Semestre/LSD/projeto/Fase1_2/DrinksControlUnitDemo.vhd Line: 153
Info (12129): Elaborating entity "TimerUnit" using architecture "A:behavioral" for hierarchy "TimerUnit:timer" File: C:/Users/jrpfa/Desktop/Universidade/1_Ano/2_Semestre/LSD/projeto/Fase1_2/DrinksControlUnitDemo.vhd Line: 158
Info (12129): Elaborating entity "TimerUnit" using architecture "A:behavioral" for hierarchy "TimerUnit:timerdrink" File: C:/Users/jrpfa/Desktop/Universidade/1_Ano/2_Semestre/LSD/projeto/Fase1_2/DrinksControlUnitDemo.vhd Line: 169
Info (12129): Elaborating entity "TimerUnit" using architecture "A:behavioral" for hierarchy "TimerUnit:resettimer" File: C:/Users/jrpfa/Desktop/Universidade/1_Ano/2_Semestre/LSD/projeto/Fase1_2/DrinksControlUnitDemo.vhd Line: 180
Warning (13024): Output pins are stuck at VCC or GND
    Warning (13410): Pin "LEDG[0]" is stuck at GND File: C:/Users/jrpfa/Desktop/Universidade/1_Ano/2_Semestre/LSD/projeto/Fase1_2/DrinksControlUnitDemo.vhd Line: 9
    Warning (13410): Pin "LEDG[1]" is stuck at GND File: C:/Users/jrpfa/Desktop/Universidade/1_Ano/2_Semestre/LSD/projeto/Fase1_2/DrinksControlUnitDemo.vhd Line: 9
    Warning (13410): Pin "LEDG[2]" is stuck at GND File: C:/Users/jrpfa/Desktop/Universidade/1_Ano/2_Semestre/LSD/projeto/Fase1_2/DrinksControlUnitDemo.vhd Line: 9
    Warning (13410): Pin "LEDG[3]" is stuck at GND File: C:/Users/jrpfa/Desktop/Universidade/1_Ano/2_Semestre/LSD/projeto/Fase1_2/DrinksControlUnitDemo.vhd Line: 9
    Warning (13410): Pin "LEDG[4]" is stuck at GND File: C:/Users/jrpfa/Desktop/Universidade/1_Ano/2_Semestre/LSD/projeto/Fase1_2/DrinksControlUnitDemo.vhd Line: 9
    Warning (13410): Pin "LEDG[5]" is stuck at GND File: C:/Users/jrpfa/Desktop/Universidade/1_Ano/2_Semestre/LSD/projeto/Fase1_2/DrinksControlUnitDemo.vhd Line: 9
    Warning (13410): Pin "LEDG[6]" is stuck at GND File: C:/Users/jrpfa/Desktop/Universidade/1_Ano/2_Semestre/LSD/projeto/Fase1_2/DrinksControlUnitDemo.vhd Line: 9
    Warning (13410): Pin "LEDR[1]" is stuck at GND File: C:/Users/jrpfa/Desktop/Universidade/1_Ano/2_Semestre/LSD/projeto/Fase1_2/DrinksControlUnitDemo.vhd Line: 9
    Warning (13410): Pin "LEDR[2]" is stuck at GND File: C:/Users/jrpfa/Desktop/Universidade/1_Ano/2_Semestre/LSD/projeto/Fase1_2/DrinksControlUnitDemo.vhd Line: 9
    Warning (13410): Pin "LEDR[3]" is stuck at GND File: C:/Users/jrpfa/Desktop/Universidade/1_Ano/2_Semestre/LSD/projeto/Fase1_2/DrinksControlUnitDemo.vhd Line: 9
    Warning (13410): Pin "LEDR[4]" is stuck at GND File: C:/Users/jrpfa/Desktop/Universidade/1_Ano/2_Semestre/LSD/projeto/Fase1_2/DrinksControlUnitDemo.vhd Line: 9
    Warning (13410): Pin "LEDR[5]" is stuck at GND File: C:/Users/jrpfa/Desktop/Universidade/1_Ano/2_Semestre/LSD/projeto/Fase1_2/DrinksControlUnitDemo.vhd Line: 9
    Warning (13410): Pin "LEDR[6]" is stuck at GND File: C:/Users/jrpfa/Desktop/Universidade/1_Ano/2_Semestre/LSD/projeto/Fase1_2/DrinksControlUnitDemo.vhd Line: 9
    Warning (13410): Pin "LEDR[7]" is stuck at GND File: C:/Users/jrpfa/Desktop/Universidade/1_Ano/2_Semestre/LSD/projeto/Fase1_2/DrinksControlUnitDemo.vhd Line: 9
    Warning (13410): Pin "LEDR[8]" is stuck at GND File: C:/Users/jrpfa/Desktop/Universidade/1_Ano/2_Semestre/LSD/projeto/Fase1_2/DrinksControlUnitDemo.vhd Line: 9
    Warning (13410): Pin "LEDR[9]" is stuck at GND File: C:/Users/jrpfa/Desktop/Universidade/1_Ano/2_Semestre/LSD/projeto/Fase1_2/DrinksControlUnitDemo.vhd Line: 9
    Warning (13410): Pin "LEDR[10]" is stuck at GND File: C:/Users/jrpfa/Desktop/Universidade/1_Ano/2_Semestre/LSD/projeto/Fase1_2/DrinksControlUnitDemo.vhd Line: 9
    Warning (13410): Pin "LEDR[11]" is stuck at GND File: C:/Users/jrpfa/Desktop/Universidade/1_Ano/2_Semestre/LSD/projeto/Fase1_2/DrinksControlUnitDemo.vhd Line: 9
    Warning (13410): Pin "LEDR[12]" is stuck at GND File: C:/Users/jrpfa/Desktop/Universidade/1_Ano/2_Semestre/LSD/projeto/Fase1_2/DrinksControlUnitDemo.vhd Line: 9
    Warning (13410): Pin "LEDR[13]" is stuck at GND File: C:/Users/jrpfa/Desktop/Universidade/1_Ano/2_Semestre/LSD/projeto/Fase1_2/DrinksControlUnitDemo.vhd Line: 9
    Warning (13410): Pin "LEDR[14]" is stuck at GND File: C:/Users/jrpfa/Desktop/Universidade/1_Ano/2_Semestre/LSD/projeto/Fase1_2/DrinksControlUnitDemo.vhd Line: 9
    Warning (13410): Pin "LEDR[15]" is stuck at GND File: C:/Users/jrpfa/Desktop/Universidade/1_Ano/2_Semestre/LSD/projeto/Fase1_2/DrinksControlUnitDemo.vhd Line: 9
    Warning (13410): Pin "LEDR[16]" is stuck at GND File: C:/Users/jrpfa/Desktop/Universidade/1_Ano/2_Semestre/LSD/projeto/Fase1_2/DrinksControlUnitDemo.vhd Line: 9
    Warning (13410): Pin "LEDR[17]" is stuck at GND File: C:/Users/jrpfa/Desktop/Universidade/1_Ano/2_Semestre/LSD/projeto/Fase1_2/DrinksControlUnitDemo.vhd Line: 9
    Warning (13410): Pin "HEX0[0]" is stuck at VCC File: C:/Users/jrpfa/Desktop/Universidade/1_Ano/2_Semestre/LSD/projeto/Fase1_2/DrinksControlUnitDemo.vhd Line: 10
    Warning (13410): Pin "HEX0[1]" is stuck at VCC File: C:/Users/jrpfa/Desktop/Universidade/1_Ano/2_Semestre/LSD/projeto/Fase1_2/DrinksControlUnitDemo.vhd Line: 10
    Warning (13410): Pin "HEX0[2]" is stuck at VCC File: C:/Users/jrpfa/Desktop/Universidade/1_Ano/2_Semestre/LSD/projeto/Fase1_2/DrinksControlUnitDemo.vhd Line: 10
    Warning (13410): Pin "HEX0[3]" is stuck at VCC File: C:/Users/jrpfa/Desktop/Universidade/1_Ano/2_Semestre/LSD/projeto/Fase1_2/DrinksControlUnitDemo.vhd Line: 10
    Warning (13410): Pin "HEX0[6]" is stuck at VCC File: C:/Users/jrpfa/Desktop/Universidade/1_Ano/2_Semestre/LSD/projeto/Fase1_2/DrinksControlUnitDemo.vhd Line: 10
    Warning (13410): Pin "HEX1[0]" is stuck at VCC File: C:/Users/jrpfa/Desktop/Universidade/1_Ano/2_Semestre/LSD/projeto/Fase1_2/DrinksControlUnitDemo.vhd Line: 11
    Warning (13410): Pin "HEX1[1]" is stuck at VCC File: C:/Users/jrpfa/Desktop/Universidade/1_Ano/2_Semestre/LSD/projeto/Fase1_2/DrinksControlUnitDemo.vhd Line: 11
    Warning (13410): Pin "HEX1[2]" is stuck at VCC File: C:/Users/jrpfa/Desktop/Universidade/1_Ano/2_Semestre/LSD/projeto/Fase1_2/DrinksControlUnitDemo.vhd Line: 11
    Warning (13410): Pin "HEX1[3]" is stuck at VCC File: C:/Users/jrpfa/Desktop/Universidade/1_Ano/2_Semestre/LSD/projeto/Fase1_2/DrinksControlUnitDemo.vhd Line: 11
    Warning (13410): Pin "HEX1[6]" is stuck at VCC File: C:/Users/jrpfa/Desktop/Universidade/1_Ano/2_Semestre/LSD/projeto/Fase1_2/DrinksControlUnitDemo.vhd Line: 11
    Warning (13410): Pin "HEX2[0]" is stuck at VCC File: C:/Users/jrpfa/Desktop/Universidade/1_Ano/2_Semestre/LSD/projeto/Fase1_2/DrinksControlUnitDemo.vhd Line: 12
    Warning (13410): Pin "HEX2[1]" is stuck at VCC File: C:/Users/jrpfa/Desktop/Universidade/1_Ano/2_Semestre/LSD/projeto/Fase1_2/DrinksControlUnitDemo.vhd Line: 12
    Warning (13410): Pin "HEX2[2]" is stuck at VCC File: C:/Users/jrpfa/Desktop/Universidade/1_Ano/2_Semestre/LSD/projeto/Fase1_2/DrinksControlUnitDemo.vhd Line: 12
    Warning (13410): Pin "HEX2[3]" is stuck at VCC File: C:/Users/jrpfa/Desktop/Universidade/1_Ano/2_Semestre/LSD/projeto/Fase1_2/DrinksControlUnitDemo.vhd Line: 12
    Warning (13410): Pin "HEX2[6]" is stuck at VCC File: C:/Users/jrpfa/Desktop/Universidade/1_Ano/2_Semestre/LSD/projeto/Fase1_2/DrinksControlUnitDemo.vhd Line: 12
    Warning (13410): Pin "HEX3[0]" is stuck at VCC File: C:/Users/jrpfa/Desktop/Universidade/1_Ano/2_Semestre/LSD/projeto/Fase1_2/DrinksControlUnitDemo.vhd Line: 13
    Warning (13410): Pin "HEX3[1]" is stuck at VCC File: C:/Users/jrpfa/Desktop/Universidade/1_Ano/2_Semestre/LSD/projeto/Fase1_2/DrinksControlUnitDemo.vhd Line: 13
    Warning (13410): Pin "HEX3[2]" is stuck at VCC File: C:/Users/jrpfa/Desktop/Universidade/1_Ano/2_Semestre/LSD/projeto/Fase1_2/DrinksControlUnitDemo.vhd Line: 13
    Warning (13410): Pin "HEX3[3]" is stuck at VCC File: C:/Users/jrpfa/Desktop/Universidade/1_Ano/2_Semestre/LSD/projeto/Fase1_2/DrinksControlUnitDemo.vhd Line: 13
    Warning (13410): Pin "HEX3[6]" is stuck at VCC File: C:/Users/jrpfa/Desktop/Universidade/1_Ano/2_Semestre/LSD/projeto/Fase1_2/DrinksControlUnitDemo.vhd Line: 13
Info (286030): Timing-Driven Synthesis is running
Info (16010): Generating hard_block partition "hard_block:auto_generated_inst"
    Info (16011): Adding 0 node(s), including 0 DDIO, 0 PLL, 0 transceiver and 0 LCELL
Warning (21074): Design contains 17 input pin(s) that do not drive logic
    Warning (15610): No output dependent on input pin "SW[0]" File: C:/Users/jrpfa/Desktop/Universidade/1_Ano/2_Semestre/LSD/projeto/Fase1_2/DrinksControlUnitDemo.vhd Line: 8
    Warning (15610): No output dependent on input pin "SW[1]" File: C:/Users/jrpfa/Desktop/Universidade/1_Ano/2_Semestre/LSD/projeto/Fase1_2/DrinksControlUnitDemo.vhd Line: 8
    Warning (15610): No output dependent on input pin "SW[2]" File: C:/Users/jrpfa/Desktop/Universidade/1_Ano/2_Semestre/LSD/projeto/Fase1_2/DrinksControlUnitDemo.vhd Line: 8
    Warning (15610): No output dependent on input pin "SW[3]" File: C:/Users/jrpfa/Desktop/Universidade/1_Ano/2_Semestre/LSD/projeto/Fase1_2/DrinksControlUnitDemo.vhd Line: 8
    Warning (15610): No output dependent on input pin "SW[4]" File: C:/Users/jrpfa/Desktop/Universidade/1_Ano/2_Semestre/LSD/projeto/Fase1_2/DrinksControlUnitDemo.vhd Line: 8
    Warning (15610): No output dependent on input pin "SW[5]" File: C:/Users/jrpfa/Desktop/Universidade/1_Ano/2_Semestre/LSD/projeto/Fase1_2/DrinksControlUnitDemo.vhd Line: 8
    Warning (15610): No output dependent on input pin "SW[6]" File: C:/Users/jrpfa/Desktop/Universidade/1_Ano/2_Semestre/LSD/projeto/Fase1_2/DrinksControlUnitDemo.vhd Line: 8
    Warning (15610): No output dependent on input pin "SW[7]" File: C:/Users/jrpfa/Desktop/Universidade/1_Ano/2_Semestre/LSD/projeto/Fase1_2/DrinksControlUnitDemo.vhd Line: 8
    Warning (15610): No output dependent on input pin "SW[8]" File: C:/Users/jrpfa/Desktop/Universidade/1_Ano/2_Semestre/LSD/projeto/Fase1_2/DrinksControlUnitDemo.vhd Line: 8
    Warning (15610): No output dependent on input pin "SW[9]" File: C:/Users/jrpfa/Desktop/Universidade/1_Ano/2_Semestre/LSD/projeto/Fase1_2/DrinksControlUnitDemo.vhd Line: 8
    Warning (15610): No output dependent on input pin "SW[10]" File: C:/Users/jrpfa/Desktop/Universidade/1_Ano/2_Semestre/LSD/projeto/Fase1_2/DrinksControlUnitDemo.vhd Line: 8
    Warning (15610): No output dependent on input pin "SW[11]" File: C:/Users/jrpfa/Desktop/Universidade/1_Ano/2_Semestre/LSD/projeto/Fase1_2/DrinksControlUnitDemo.vhd Line: 8
    Warning (15610): No output dependent on input pin "SW[12]" File: C:/Users/jrpfa/Desktop/Universidade/1_Ano/2_Semestre/LSD/projeto/Fase1_2/DrinksControlUnitDemo.vhd Line: 8
    Warning (15610): No output dependent on input pin "SW[13]" File: C:/Users/jrpfa/Desktop/Universidade/1_Ano/2_Semestre/LSD/projeto/Fase1_2/DrinksControlUnitDemo.vhd Line: 8
    Warning (15610): No output dependent on input pin "SW[14]" File: C:/Users/jrpfa/Desktop/Universidade/1_Ano/2_Semestre/LSD/projeto/Fase1_2/DrinksControlUnitDemo.vhd Line: 8
    Warning (15610): No output dependent on input pin "SW[15]" File: C:/Users/jrpfa/Desktop/Universidade/1_Ano/2_Semestre/LSD/projeto/Fase1_2/DrinksControlUnitDemo.vhd Line: 8
    Warning (15610): No output dependent on input pin "SW[16]" File: C:/Users/jrpfa/Desktop/Universidade/1_Ano/2_Semestre/LSD/projeto/Fase1_2/DrinksControlUnitDemo.vhd Line: 8
Info (21057): Implemented 695 device resources after synthesis - the final resource count might be different
    Info (21058): Implemented 23 input pins
    Info (21059): Implemented 82 output pins
    Info (21061): Implemented 590 logic cells
Info: Quartus Prime Analysis & Synthesis was successful. 0 errors, 71 warnings
    Info: Peak virtual memory: 4805 megabytes
    Info: Processing ended: Sat Jun 26 17:47:04 2021
    Info: Elapsed time: 00:00:12
    Info: Total CPU time (on all processors): 00:00:20


